<?xml version="1.0" encoding="utf-8"?><testsuites name="pytest tests"><testsuite name="pytest" errors="0" failures="0" skipped="0" tests="27" time="11.861" timestamp="2026-09-24T22:59:47.957796+00:00" hostname="agent-env-287e8637-8519-4348-b09a-60484a73409c"><testcase classname="tests.test_demo_ledger_api.TestDemoLedgerApi" name="test_session_bootstrap_and_cookie" time="0.321" /><testcase classname="tests.test_market_backend.TestObservationSecurityAndValidation" name="test_observation_check_rejects_missing_or_wrong_key" time="0.527" /><testcase classname="tests.test_demo_ledger_api.TestDemoLedgerApi" name="test_unauthorized_account_rejected" time="0.132" /><testcase classname="tests.test_demo_ledger_api.TestDemoLedgerApi" name="test_deposit_withdraw_and_bounds" time="0.497" /><testcase classname="tests.test_market_backend.TestObservationSecurityAndValidation" name="test_observation_check_accepts_valid_key" time="0.088" /><testcase classname="tests.test_market_backend.TestObservationSecurityAndValidation" name="test_pairs_ingest_and_idempotent_dedupe" time="0.161" /><testcase classname="tests.test_market_backend.TestObservationSecurityAndValidation" name="test_tick_validation_nonfinite_nonpositive_and_stale" time="0.247" /><testcase classname="tests.test_demo_ledger_api.TestDemoLedgerApi" name="test_invalid_trade_payloads_unknown_market_and_min_stake" time="0.258" /><testcase classname="tests.test_market_backend.TestObservationSecurityAndValidation" name="test_tick_out_of_order_rejected" time="0.210" /><testcase classname="tests.test_demo_ledger_api.TestDemoLedgerApi" name="test_5s_trade_completes_and_balance_persists" time="5.509" /><testcase classname="tests.test_market_backend.TestObservationSecurityAndValidation" name="test_event_validation_ohlc_and_time_alignment" time="0.187" /><testcase classname="tests.test_market_backend.TestObservationSecurityAndValidation" name="test_same_logical_pair_regular_vs_otc_isolated" time="0.191" /><testcase classname="tests.test_market_backend.TestCoreEndpoints" name="test_health_endpoint" time="0.083" /><testcase classname="tests.test_market_backend.TestCoreEndpoints" name="test_runtime_endpoint" time="0.081" /><testcase classname="tests.test_market_backend.TestCoreEndpoints" name="test_modules_and_events" time="0.163" /><testcase classname="tests.test_market_backend.TestCoreEndpoints" name="test_observer_download_manifest_origin_permission_and_no_key_leak" time="0.092" /><testcase classname="tests.test_market_backend.TestDerivAndAnalysis" name="test_instruments_and_source_isolation" time="0.178" /><testcase classname="tests.test_market_backend.TestDerivAndAnalysis" name="test_deriv_market_state_contains_no_object_id" time="0.718" /><testcase classname="tests.test_market_backend.TestDerivAndAnalysis" name="test_analysis_and_latest_no_duplicate_signal_history" time="0.479" /><testcase classname="tests.test_market_backend.TestDerivAndAnalysis" name="test_top_pairs_and_runtime_diagnostics" time="0.253" /><testcase classname="tests.test_market_backend.TestMongoLegacyIsolation" name="test_legacy_counts_and_training_eligibility" time="0.022" /><testcase classname="tests.test_demo_ledger_api.TestDemoLedgerApi" name="test_pending_trade_starts_next_minute" time="0.260" /><testcase classname="tests.test_demo_ledger_api.TestDemoLedgerApi" name="test_max_20_active_trades_enforced" time="2.021" /><testcase classname="tests.test_demo_ledger_api.TestDemoLedgerApi" name="test_request_id_idempotency" time="0.258" /><testcase classname="tests.test_demo_ledger_api.TestDemoLedgerApi" name="test_session_isolation_between_browsers" time="0.514" /><testcase classname="tests.test_demo_ledger_api.TestDemoLedgerApi" name="test_concurrent_withdraw_balance_safety" time="0.428" /><testcase classname="tests.test_demo_ledger_api.TestDemoLedgerApi" name="test_reset_archives_history_and_restores_default_balance" time="0.404" /></testsuite></testsuites>